<?xml version="1.0" encoding="UTF-8"?>
<!-- Generated by org.testng.reporters.JUnitXMLReporter -->
<testsuite ignored="0" hostname="DESKTOP-VC0C0A9" failures="0" tests="4" name="Default test" time="66.812" errors="0" timestamp="21 Feb 2020 10:10:59 GMT">
  <testcase classname="Tests.EVA_LoginPageTest" name="loginTest" time="1.016"/>
  <testcase classname="Tests.EVA_LoginPageTest" name="loginTest" time="0.641"/>
  <testcase classname="Tests.EVA_LoginPageTest" name="loginTest" time="0.642"/>
  <testcase classname="Tests.EVA_LoginPageTest" name="loginTest" time="0.663"/>
</testsuite> <!-- Default test -->
