<?xml version="1.0" encoding="UTF-8"?>
<!-- Generated by org.testng.reporters.JUnitXMLReporter -->
<testsuite hostname="DESKTOP-QNMRRVK" ignored="0" name="Default test" tests="5" failures="0" timestamp="2020-03-06T17:27:08 IST" time="51.076" errors="0">
  <testcase name="defaultselection" time="3.751" classname="Tests.EVA_FlightsPageTest"/>
  <testcase name="searchFrom" time="6.34" classname="Tests.EVA_FlightsPageTest"/>
  <testcase name="searchTo" time="10.264" classname="Tests.EVA_FlightsPageTest"/>
  <testcase name="calender" time="2.211" classname="Tests.EVA_FlightsPageTest"/>
  <testcase name="uiround" time="10.088" classname="Tests.EVA_FlightsPageTest"/>
</testsuite> <!-- Default test -->
