<?xml version="1.0" encoding="UTF-8"?>
<!-- Generated by org.testng.reporters.JUnitXMLReporter -->
<testsuite ignored="1" hostname="DESKTOP-VC0C0A9" failures="1" tests="4" name="first Test" time="55.812" errors="0" timestamp="27 Feb 2020 10:24:09 GMT">
  <testcase classname="Tests.EVA_FlightsPageTest" name="@AfterClass tear" time="0.0">
    <failure type="java.lang.NullPointerException">
      <![CDATA[java.lang.NullPointerException
at Tests.EVA_FlightsPageTest.tear(EVA_FlightsPageTest.java:62)
... Removed 26 stack frames]]>
    </failure>
  </testcase> <!-- @AfterClass tear -->
  <testcase classname="Tests.EVA_FlightsPageTest" name="defaultselection" time="3.717"/>
  <testcase classname="Tests.EVA_FlightsPageTest" name="searchFrom" time="6.664"/>
  <testcase classname="Tests.EVA_LoginPageTest" name="loginTest_Positive" time="9.242"/>
  <testcase classname="Tests.EVA_FlightsPageTest" name="searchTo" time="3.385">
    <failure type="java.lang.NullPointerException">
      <![CDATA[java.lang.NullPointerException
at Pages.EVA_FlightsPage.searchToFlight(EVA_FlightsPage.java:100)
at Tests.EVA_FlightsPageTest.searchTo(EVA_FlightsPageTest.java:55)
... Removed 25 stack frames]]>
    </failure>
  </testcase> <!-- searchTo -->
  <testcase classname="Tests.EVA_LoginPageTest" name="loginTest_Negative" time="0.0">
    <ignored/>
  </testcase> <!-- loginTest_Negative -->
</testsuite> <!-- first Test -->
