<?xml version="1.0" encoding="UTF-8"?>
<!-- Generated by org.testng.reporters.JUnitXMLReporter -->
<testsuite ignored="0" hostname="DESKTOP-VC0C0A9" failures="0" tests="3" name="first Test2" time="31.678" errors="0" timestamp="01 Mar 2020 15:27:15 GMT">
  <testcase classname="Tests.EVA_FlightsPageTest" name="defaultselection" time="3.959"/>
  <testcase classname="Tests.EVA_FlightsPageTest" name="searchFrom" time="6.574"/>
  <testcase classname="Tests.EVA_FlightsPageTest" name="searchTo" time="6.5"/>
</testsuite> <!-- first Test2 -->
