<?xml version="1.0" encoding="UTF-8"?>
<!-- Generated by org.testng.reporters.JUnitXMLReporter -->
<testsuite ignored="0" hostname="DESKTOP-VC0C0A9" failures="0" tests="7" name="first Test1" time="158.591" errors="0" timestamp="01 Mar 2020 15:26:44 GMT">
  <testcase classname="Tests.EVA_LoginPageTest" name="loginTest_Negative" time="6.623"/>
  <testcase classname="Tests.EVA_LoginPageTest" name="loginTest_Negative" time="6.783"/>
  <testcase classname="Tests.EVA_LoginPageTest" name="loginTest_Negative" time="6.465"/>
  <testcase classname="Tests.EVA_LoginPageTest" name="loginTest_Negative" time="6.505"/>
  <testcase classname="Tests.EVA_LoginPageTest" name="loginTest_Negative" time="6.406"/>
  <testcase classname="Tests.EVA_LoginPageTest" name="loginTest_Negative" time="6.47"/>
  <testcase classname="Tests.EVA_LoginPageTest" name="loginTest_Positive" time="9.198"/>
</testsuite> <!-- first Test1 -->
