<?xml version="1.0" encoding="UTF-8"?>
<!-- Generated by org.testng.reporters.JUnitXMLReporter -->
<testsuite ignored="0" hostname="DESKTOP-VC0C0A9" failures="0" tests="7" name="first Test1" time="161.168" errors="0" timestamp="01 Mar 2020 14:44:10 GMT">
  <testcase classname="Tests.EVA_LoginPageTest" name="loginTest_Negative" time="6.606"/>
  <testcase classname="Tests.EVA_LoginPageTest" name="loginTest_Negative" time="6.696"/>
  <testcase classname="Tests.EVA_LoginPageTest" name="loginTest_Negative" time="6.662"/>
  <testcase classname="Tests.EVA_LoginPageTest" name="loginTest_Negative" time="6.425"/>
  <testcase classname="Tests.EVA_LoginPageTest" name="loginTest_Negative" time="6.401"/>
  <testcase classname="Tests.EVA_LoginPageTest" name="loginTest_Negative" time="6.578"/>
  <testcase classname="Tests.EVA_LoginPageTest" name="loginTest_Positive" time="9.029"/>
</testsuite> <!-- first Test1 -->
