<?xml version="1.0" encoding="UTF-8"?>
<!-- Generated by org.testng.reporters.JUnitXMLReporter -->
<testsuite hostname="DESKTOP-AR5RV65" ignored="0" name="login Functionali_TS001" tests="7" failures="0" timestamp="2020-03-03T15:09:00 IST" time="177.599" errors="0">
  <testcase name="loginTest_Negative" time="6.386" classname="Tests.EVA_LoginPageTest"/>
  <testcase name="loginTest_Negative" time="6.966" classname="Tests.EVA_LoginPageTest"/>
  <testcase name="loginTest_Negative" time="7.553" classname="Tests.EVA_LoginPageTest"/>
  <testcase name="loginTest_Negative" time="6.503" classname="Tests.EVA_LoginPageTest"/>
  <testcase name="loginTest_Negative" time="6.238" classname="Tests.EVA_LoginPageTest"/>
  <testcase name="loginTest_Negative" time="6.317" classname="Tests.EVA_LoginPageTest"/>
  <testcase name="loginTest_Positive" time="9.258" classname="Tests.EVA_LoginPageTest"/>
</testsuite> <!-- login Functionali_TS001 -->
