<?xml version="1.0" encoding="UTF-8"?>
<!-- Generated by org.testng.reporters.JUnitXMLReporter -->
<testsuite ignored="0" hostname="DESKTOP-VC0C0A9" failures="0" tests="7" name="Test1" time="158.348" errors="0" timestamp="2020-03-01T22:03:18 IST">
  <testcase classname="Tests.EVA_LoginPageTest" name="loginTest_Negative" time="6.463"/>
  <testcase classname="Tests.EVA_LoginPageTest" name="loginTest_Negative" time="6.607"/>
  <testcase classname="Tests.EVA_LoginPageTest" name="loginTest_Negative" time="6.526"/>
  <testcase classname="Tests.EVA_LoginPageTest" name="loginTest_Negative" time="6.712"/>
  <testcase classname="Tests.EVA_LoginPageTest" name="loginTest_Negative" time="6.498"/>
  <testcase classname="Tests.EVA_LoginPageTest" name="loginTest_Negative" time="6.711"/>
  <testcase classname="Tests.EVA_LoginPageTest" name="loginTest_Positive" time="8.801"/>
</testsuite> <!-- Test1 -->
