<?xml version="1.0" encoding="UTF-8"?>
<testng-results ignored="0" total="1" passed="1" failed="0" skipped="0">
  <reporter-output>
  </reporter-output>
  <suite started-at="2020-02-21T06:06:33Z" name="Default suite" finished-at="2020-02-21T06:06:50Z" duration-ms="17140">
    <groups>
    </groups>
    <test started-at="2020-02-21T06:06:33Z" name="Default test" finished-at="2020-02-21T06:06:50Z" duration-ms="17140">
      <class name="Tests.EVA_LoginPageTest">
        <test-method is-config="true" signature="SetUp()[pri:0, instance:Tests.EVA_LoginPageTest@3a079870]" started-at="2020-02-21T06:06:33Z" name="SetUp" finished-at="2020-02-21T06:06:49Z" duration-ms="16690" status="PASS">
          <reporter-output>
          </reporter-output>
        </test-method> <!-- SetUp -->
        <test-method signature="loginTest()[pri:1, instance:Tests.EVA_LoginPageTest@3a079870]" started-at="2020-02-21T06:06:49Z" name="loginTest" finished-at="2020-02-21T06:06:50Z" duration-ms="430" status="PASS">
          <reporter-output>
          </reporter-output>
        </test-method> <!-- loginTest -->
        <test-method is-config="true" signature="teardown()[pri:0, instance:Tests.EVA_LoginPageTest@3a079870]" started-at="2020-02-21T06:06:50Z" name="teardown" finished-at="2020-02-21T06:06:50Z" duration-ms="0" status="PASS">
          <reporter-output>
          </reporter-output>
        </test-method> <!-- teardown -->
      </class> <!-- Tests.EVA_LoginPageTest -->
    </test> <!-- Default test -->
  </suite> <!-- Default suite -->
</testng-results>
